[debug] [2020-10-28T07:09:31.693Z] ----------------------------------------------------------------------
[debug] [2020-10-28T07:09:31.695Z] Command:       C:\Program Files\nodejs\node.exe C:\Users\91952\AppData\Roaming\npm\node_modules\firebase-tools\lib\bin\firebase.js functions:shell
[debug] [2020-10-28T07:09:31.696Z] CLI Version:   8.14.0
[debug] [2020-10-28T07:09:31.696Z] Platform:      win32
[debug] [2020-10-28T07:09:31.696Z] Node Version:  v12.18.4
[debug] [2020-10-28T07:09:31.697Z] Time:          Wed Oct 28 2020 12:39:31 GMT+0530 (India Standard Time)
[debug] [2020-10-28T07:09:31.697Z] ----------------------------------------------------------------------
[debug] [2020-10-28T07:09:31.697Z] 
[debug] [2020-10-28T07:09:31.706Z] > command requires scopes: ["email","openid","https://www.googleapis.com/auth/cloudplatformprojects.readonly","https://www.googleapis.com/auth/firebase","https://www.googleapis.com/auth/cloud-platform"]
[debug] [2020-10-28T07:09:31.707Z] > authorizing via signed-in user
[debug] [2020-10-28T07:09:31.708Z] [iam] checking project project-management-app-248a2 for permissions ["firebase.projects.get"]
[debug] [2020-10-28T07:09:31.712Z] >>> HTTP REQUEST POST https://cloudresourcemanager.googleapis.com/v1/projects/project-management-app-248a2:testIamPermissions  
 {"permissions":["firebase.projects.get"]}
[debug] [2020-10-28T07:09:43.491Z] [iam] error while checking permissions, command may fail: FirebaseError: Server Error. getaddrinfo ENOTFOUND cloudresourcemanager.googleapis.com
[warn] !  Your functions directory does not specify a Node version.
   - Learn more at https://firebase.google.com/docs/functions/manage-functions#set_runtime_options {"metadata":{"emulator":{"name":"functions"},"message":"Your functions directory does not specify a Node version.\n   - Learn more at https://firebase.google.com/docs/functions/manage-functions#set_runtime_options"}}
[debug] [2020-10-28T07:09:45.504Z] defaultcredentials: writing to file C:\Users\91952\AppData\Roaming\firebase\chaudharimehul2001_gmail_com_application_default_credentials.json
[debug] [2020-10-28T07:09:45.505Z] DEBUG: Setting GAC to C:\Users\91952\AppData\Roaming\firebase\chaudharimehul2001_gmail_com_application_default_credentials.json
[debug] [2020-10-28T07:09:45.518Z] [functions] Watching "D:\VsCode Projects\React-redux app\project-management-app\functions" for Cloud Functions...
[debug] [2020-10-28T07:09:45.542Z] DEBUG: [worker-pool] addWorker(~diagnostic~)
[debug] [2020-10-28T07:09:45.542Z] DEBUG: [worker-pool] Adding worker with key ~diagnostic~, total=1
[debug] [2020-10-28T07:09:45.543Z] DEBUG: [worker-pool] submitWork(triggerId=)
[debug] [2020-10-28T07:09:45.543Z] DEBUG: [worker-~diagnostic~-782f7afd-a036-4b98-872d-b314419e9a25]: Assigning socketPath: \\?\pipe\D:\VsCode Projects\React-redux app\project-management-app\functions\28940
[debug] [2020-10-28T07:09:45.543Z] DEBUG: [worker-~diagnostic~-782f7afd-a036-4b98-872d-b314419e9a25]: BUSY
[info] >  Debugger attached. {"user":"Debugger attached.\r","metadata":{"emulator":{"name":"functions"},"message":"\u001b[90m> \u001b[39m Debugger attached.\r"}}
[debug] [2020-10-28T07:09:48.565Z] DEBUG: [runtime-status] [28940] Functions runtime initialized. {"cwd":"D:\\VsCode Projects\\React-redux app\\project-management-app\\functions","node_version":"12.18.4"}
[debug] [2020-10-28T07:09:48.567Z] DEBUG: [runtime-status] [28940] Disabled runtime features: undefined
[debug] [2020-10-28T07:09:48.574Z] DEBUG: [runtime-status] [28940] Resolved module firebase-admin {"declared":true,"installed":true,"version":"9.3.0","resolution":"D:\\VsCode Projects\\React-redux app\\project-management-app\\functions\\node_modules\\firebase-admin\\lib\\index.js"}
[debug] [2020-10-28T07:09:48.576Z] DEBUG: [runtime-status] [28940] Resolved module firebase-functions {"declared":true,"installed":true,"version":"3.11.0","resolution":"D:\\VsCode Projects\\React-redux app\\project-management-app\\functions\\node_modules\\firebase-functions\\lib\\index.js"}
[debug] [2020-10-28T07:09:48.577Z] DEBUG: [runtime-status] [28940] Resolved module firebase-functions {"declared":true,"installed":true,"version":"3.11.0","resolution":"D:\\VsCode Projects\\React-redux app\\project-management-app\\functions\\node_modules\\firebase-functions\\lib\\index.js"}
[debug] [2020-10-28T07:09:48.580Z] DEBUG: [runtime-status] [28940] Outgoing network have been stubbed. [{"name":"http","status":"mocked"},{"name":"http","status":"mocked"},{"name":"https","status":"mocked"},{"name":"https","status":"mocked"},{"name":"net","status":"mocked"}]
[debug] [2020-10-28T07:09:48.581Z] DEBUG: [runtime-status] [28940] Resolved module firebase-functions {"declared":true,"installed":true,"version":"3.11.0","resolution":"D:\\VsCode Projects\\React-redux app\\project-management-app\\functions\\node_modules\\firebase-functions\\lib\\index.js"}
[debug] [2020-10-28T07:09:49.002Z] DEBUG: [runtime-status] [28940] Checked functions.config() {"config":{}}
[debug] [2020-10-28T07:09:49.002Z] DEBUG: [runtime-status] [28940] firebase-functions has been stubbed. {"functionsResolution":{"declared":true,"installed":true,"version":"3.11.0","resolution":"D:\\VsCode Projects\\React-redux app\\project-management-app\\functions\\node_modules\\firebase-functions\\lib\\index.js"}}
[debug] [2020-10-28T07:09:49.003Z] DEBUG: [runtime-status] [28940] Resolved module firebase-functions {"declared":true,"installed":true,"version":"3.11.0","resolution":"D:\\VsCode Projects\\React-redux app\\project-management-app\\functions\\node_modules\\firebase-functions\\lib\\index.js"}
[debug] [2020-10-28T07:09:49.004Z] DEBUG: [runtime-status] [28940] Resolved module firebase-admin {"declared":true,"installed":true,"version":"9.3.0","resolution":"D:\\VsCode Projects\\React-redux app\\project-management-app\\functions\\node_modules\\firebase-admin\\lib\\index.js"}
[debug] [2020-10-28T07:09:49.005Z] DEBUG: [runtime-status] [28940] Resolved module firebase-functions {"declared":true,"installed":true,"version":"3.11.0","resolution":"D:\\VsCode Projects\\React-redux app\\project-management-app\\functions\\node_modules\\firebase-functions\\lib\\index.js"}
[debug] [2020-10-28T07:09:49.005Z] DEBUG: [runtime-status] [28940] firebase-admin has been stubbed. {"adminResolution":{"declared":true,"installed":true,"version":"9.3.0","resolution":"D:\\VsCode Projects\\React-redux app\\project-management-app\\functions\\node_modules\\firebase-admin\\lib\\index.js"}}
[warn] !  It looks like you're trying to access functions.config().firebase but there is no value there. You can learn more about setting up config here: https://firebase.google.com/docs/functions/local-emulator {"metadata":{"emulator":{"name":"functions"},"message":"It looks like you're trying to access functions.config().firebase but there is no value there. You can learn more about setting up config here: https://firebase.google.com/docs/functions/local-emulator"}}
[debug] [2020-10-28T07:09:49.009Z] DEBUG: [runtime-status] [28940] initializeApp(DEFAULT) {"databaseURL":"https://project-management-app-248a2.firebaseio.com","storageBucket":"project-management-app-248a2.appspot.com","projectId":"project-management-app-248a2"}
[debug] [2020-10-28T07:09:49.012Z] [functions[projectCreated]] function ignored because the firestore emulator does not exist or is not running.
[info] i  functions: Loaded functions: projectCreated 
[warn] !  functions: The following emulators are not running, calls to these services will affect production: firestore, database, pubsub 
[debug] [2020-10-28T07:09:49.021Z] DEBUG: [worker-~diagnostic~-782f7afd-a036-4b98-872d-b314419e9a25]: IDLE
[debug] [2020-10-28T07:12:17.981Z] DEBUG: File D:\VsCode Projects\React-redux app\project-management-app\functions\package.json changed, reloading triggers
[debug] [2020-10-28T07:12:19.694Z] DEBUG: [worker-pool] Shutting down IDLE worker (~diagnostic~)
[debug] [2020-10-28T07:12:19.695Z] DEBUG: [worker-~diagnostic~-782f7afd-a036-4b98-872d-b314419e9a25]: FINISHING
[debug] [2020-10-28T07:12:19.708Z] DEBUG: [worker-pool] addWorker(~diagnostic~)
[debug] [2020-10-28T07:12:19.709Z] DEBUG: [worker-pool] Adding worker with key ~diagnostic~, total=2
[debug] [2020-10-28T07:12:19.709Z] DEBUG: [worker-pool] submitWork(triggerId=)
[debug] [2020-10-28T07:12:19.709Z] DEBUG: [worker-~diagnostic~-65060725-da24-474a-8bbb-cb20e4038c5f]: Assigning socketPath: \\?\pipe\D:\VsCode Projects\React-redux app\project-management-app\functions\10276
[debug] [2020-10-28T07:12:19.709Z] DEBUG: [worker-~diagnostic~-65060725-da24-474a-8bbb-cb20e4038c5f]: BUSY
[debug] [2020-10-28T07:12:19.714Z] DEBUG: [worker-~diagnostic~-782f7afd-a036-4b98-872d-b314419e9a25]: exited
[debug] [2020-10-28T07:12:19.714Z] DEBUG: [worker-~diagnostic~-782f7afd-a036-4b98-872d-b314419e9a25]: FINISHED
[debug] [2020-10-28T07:12:19.715Z] DEBUG: File D:\VsCode Projects\React-redux app\project-management-app\functions\package.json changed, reloading triggers
[info] >  Debugger attached. {"user":"Debugger attached.\r","metadata":{"emulator":{"name":"functions"},"message":"\u001b[90m> \u001b[39m Debugger attached.\r"}}
[debug] [2020-10-28T07:12:20.728Z] DEBUG: [worker-pool] Marking BUSY worker to finish (~diagnostic~)
[debug] [2020-10-28T07:12:20.728Z] DEBUG: [worker-~diagnostic~-65060725-da24-474a-8bbb-cb20e4038c5f]: FINISHING
[debug] [2020-10-28T07:12:20.728Z] DEBUG: [worker-pool] Cleaned up workers for ~diagnostic~: 2 --> 1
[debug] [2020-10-28T07:12:20.742Z] DEBUG: [worker-pool] addWorker(~diagnostic~)
[debug] [2020-10-28T07:12:20.743Z] DEBUG: [worker-pool] Adding worker with key ~diagnostic~, total=2
[debug] [2020-10-28T07:12:20.743Z] DEBUG: [worker-pool] submitWork(triggerId=)
[debug] [2020-10-28T07:12:20.744Z] DEBUG: [worker-~diagnostic~-a90e248c-e25e-461b-800a-40a60b87cf43]: Assigning socketPath: \\?\pipe\D:\VsCode Projects\React-redux app\project-management-app\functions\1576
[debug] [2020-10-28T07:12:20.744Z] DEBUG: [worker-~diagnostic~-a90e248c-e25e-461b-800a-40a60b87cf43]: BUSY
[info] >  Debugger attached. {"user":"Debugger attached.\r","metadata":{"emulator":{"name":"functions"},"message":"\u001b[90m> \u001b[39m Debugger attached.\r"}}
[debug] [2020-10-28T07:12:21.593Z] DEBUG: [runtime-status] [10276] Functions runtime initialized. {"cwd":"D:\\VsCode Projects\\React-redux app\\project-management-app\\functions","node_version":"12.18.4"}
[debug] [2020-10-28T07:12:21.596Z] DEBUG: [runtime-status] [10276] Disabled runtime features: undefined
[debug] [2020-10-28T07:12:21.604Z] DEBUG: [runtime-status] [10276] Resolved module firebase-admin {"declared":true,"installed":true,"version":"9.3.0","resolution":"D:\\VsCode Projects\\React-redux app\\project-management-app\\functions\\node_modules\\firebase-admin\\lib\\index.js"}
[debug] [2020-10-28T07:12:21.606Z] DEBUG: [runtime-status] [10276] Resolved module firebase-functions {"declared":true,"installed":true,"version":"3.11.0","resolution":"D:\\VsCode Projects\\React-redux app\\project-management-app\\functions\\node_modules\\firebase-functions\\lib\\index.js"}
[debug] [2020-10-28T07:12:21.608Z] DEBUG: [runtime-status] [10276] Resolved module firebase-functions {"declared":true,"installed":true,"version":"3.11.0","resolution":"D:\\VsCode Projects\\React-redux app\\project-management-app\\functions\\node_modules\\firebase-functions\\lib\\index.js"}
[debug] [2020-10-28T07:12:21.611Z] DEBUG: [runtime-status] [10276] Outgoing network have been stubbed. [{"name":"http","status":"mocked"},{"name":"http","status":"mocked"},{"name":"https","status":"mocked"},{"name":"https","status":"mocked"},{"name":"net","status":"mocked"}]
[debug] [2020-10-28T07:12:21.612Z] DEBUG: [runtime-status] [10276] Resolved module firebase-functions {"declared":true,"installed":true,"version":"3.11.0","resolution":"D:\\VsCode Projects\\React-redux app\\project-management-app\\functions\\node_modules\\firebase-functions\\lib\\index.js"}
[debug] [2020-10-28T07:12:21.742Z] DEBUG: [runtime-status] [10276] Checked functions.config() {"config":{}}
[debug] [2020-10-28T07:12:21.742Z] DEBUG: [runtime-status] [10276] firebase-functions has been stubbed. {"functionsResolution":{"declared":true,"installed":true,"version":"3.11.0","resolution":"D:\\VsCode Projects\\React-redux app\\project-management-app\\functions\\node_modules\\firebase-functions\\lib\\index.js"}}
[debug] [2020-10-28T07:12:21.743Z] DEBUG: [runtime-status] [10276] Resolved module firebase-functions {"declared":true,"installed":true,"version":"3.11.0","resolution":"D:\\VsCode Projects\\React-redux app\\project-management-app\\functions\\node_modules\\firebase-functions\\lib\\index.js"}
[debug] [2020-10-28T07:12:21.745Z] DEBUG: [runtime-status] [10276] Resolved module firebase-admin {"declared":true,"installed":true,"version":"9.3.0","resolution":"D:\\VsCode Projects\\React-redux app\\project-management-app\\functions\\node_modules\\firebase-admin\\lib\\index.js"}
[debug] [2020-10-28T07:12:21.745Z] DEBUG: [runtime-status] [10276] Resolved module firebase-functions {"declared":true,"installed":true,"version":"3.11.0","resolution":"D:\\VsCode Projects\\React-redux app\\project-management-app\\functions\\node_modules\\firebase-functions\\lib\\index.js"}
[debug] [2020-10-28T07:12:21.746Z] DEBUG: [runtime-status] [10276] firebase-admin has been stubbed. {"adminResolution":{"declared":true,"installed":true,"version":"9.3.0","resolution":"D:\\VsCode Projects\\React-redux app\\project-management-app\\functions\\node_modules\\firebase-admin\\lib\\index.js"}}
[debug] [2020-10-28T07:12:21.748Z] DEBUG: [runtime-status] [10276] initializeApp(DEFAULT) {"databaseURL":"https://project-management-app-248a2.firebaseio.com","storageBucket":"project-management-app-248a2.appspot.com","projectId":"project-management-app-248a2"}
[debug] [2020-10-28T07:12:21.750Z] DEBUG: [worker-~diagnostic~-65060725-da24-474a-8bbb-cb20e4038c5f]: IDLE --> FINISHING
[debug] [2020-10-28T07:12:21.763Z] DEBUG: [worker-~diagnostic~-65060725-da24-474a-8bbb-cb20e4038c5f]: exited
[debug] [2020-10-28T07:12:21.764Z] DEBUG: [worker-~diagnostic~-65060725-da24-474a-8bbb-cb20e4038c5f]: FINISHED
[debug] [2020-10-28T07:12:22.031Z] DEBUG: [runtime-status] [1576] Functions runtime initialized. {"cwd":"D:\\VsCode Projects\\React-redux app\\project-management-app\\functions","node_version":"12.18.4"}
[debug] [2020-10-28T07:12:22.033Z] DEBUG: [runtime-status] [1576] Disabled runtime features: undefined
[debug] [2020-10-28T07:12:22.037Z] DEBUG: [runtime-status] [1576] Resolved module firebase-admin {"declared":true,"installed":true,"version":"9.3.0","resolution":"D:\\VsCode Projects\\React-redux app\\project-management-app\\functions\\node_modules\\firebase-admin\\lib\\index.js"}
[debug] [2020-10-28T07:12:22.041Z] DEBUG: [runtime-status] [1576] Resolved module firebase-functions {"declared":true,"installed":true,"version":"3.11.0","resolution":"D:\\VsCode Projects\\React-redux app\\project-management-app\\functions\\node_modules\\firebase-functions\\lib\\index.js"}
[debug] [2020-10-28T07:12:22.042Z] DEBUG: [runtime-status] [1576] Resolved module firebase-functions {"declared":true,"installed":true,"version":"3.11.0","resolution":"D:\\VsCode Projects\\React-redux app\\project-management-app\\functions\\node_modules\\firebase-functions\\lib\\index.js"}
[debug] [2020-10-28T07:12:22.046Z] DEBUG: [runtime-status] [1576] Outgoing network have been stubbed. [{"name":"http","status":"mocked"},{"name":"http","status":"mocked"},{"name":"https","status":"mocked"},{"name":"https","status":"mocked"},{"name":"net","status":"mocked"}]
[debug] [2020-10-28T07:12:22.047Z] DEBUG: [runtime-status] [1576] Resolved module firebase-functions {"declared":true,"installed":true,"version":"3.11.0","resolution":"D:\\VsCode Projects\\React-redux app\\project-management-app\\functions\\node_modules\\firebase-functions\\lib\\index.js"}
[debug] [2020-10-28T07:12:22.116Z] DEBUG: [runtime-status] [1576] Checked functions.config() {"config":{}}
[debug] [2020-10-28T07:12:22.117Z] DEBUG: [runtime-status] [1576] firebase-functions has been stubbed. {"functionsResolution":{"declared":true,"installed":true,"version":"3.11.0","resolution":"D:\\VsCode Projects\\React-redux app\\project-management-app\\functions\\node_modules\\firebase-functions\\lib\\index.js"}}
[debug] [2020-10-28T07:12:22.118Z] DEBUG: [runtime-status] [1576] Resolved module firebase-functions {"declared":true,"installed":true,"version":"3.11.0","resolution":"D:\\VsCode Projects\\React-redux app\\project-management-app\\functions\\node_modules\\firebase-functions\\lib\\index.js"}
[debug] [2020-10-28T07:12:22.119Z] DEBUG: [runtime-status] [1576] Resolved module firebase-admin {"declared":true,"installed":true,"version":"9.3.0","resolution":"D:\\VsCode Projects\\React-redux app\\project-management-app\\functions\\node_modules\\firebase-admin\\lib\\index.js"}
[debug] [2020-10-28T07:12:22.120Z] DEBUG: [runtime-status] [1576] Resolved module firebase-functions {"declared":true,"installed":true,"version":"3.11.0","resolution":"D:\\VsCode Projects\\React-redux app\\project-management-app\\functions\\node_modules\\firebase-functions\\lib\\index.js"}
[debug] [2020-10-28T07:12:22.120Z] DEBUG: [runtime-status] [1576] firebase-admin has been stubbed. {"adminResolution":{"declared":true,"installed":true,"version":"9.3.0","resolution":"D:\\VsCode Projects\\React-redux app\\project-management-app\\functions\\node_modules\\firebase-admin\\lib\\index.js"}}
[debug] [2020-10-28T07:12:22.123Z] DEBUG: [runtime-status] [1576] initializeApp(DEFAULT) {"databaseURL":"https://project-management-app-248a2.firebaseio.com","storageBucket":"project-management-app-248a2.appspot.com","projectId":"project-management-app-248a2"}
[debug] [2020-10-28T07:12:22.126Z] DEBUG: [worker-~diagnostic~-a90e248c-e25e-461b-800a-40a60b87cf43]: IDLE
[debug] [2020-10-28T07:12:47.891Z] DEBUG: File D:\VsCode Projects\React-redux app\project-management-app\functions\index.js changed, reloading triggers
[debug] [2020-10-28T07:12:48.894Z] DEBUG: [worker-pool] Shutting down IDLE worker (~diagnostic~)
[debug] [2020-10-28T07:12:48.895Z] DEBUG: [worker-~diagnostic~-a90e248c-e25e-461b-800a-40a60b87cf43]: FINISHING
[debug] [2020-10-28T07:12:48.896Z] DEBUG: [worker-pool] Cleaned up workers for ~diagnostic~: 2 --> 1
[debug] [2020-10-28T07:12:48.930Z] DEBUG: [worker-pool] addWorker(~diagnostic~)
[debug] [2020-10-28T07:12:48.931Z] DEBUG: [worker-pool] Adding worker with key ~diagnostic~, total=2
[debug] [2020-10-28T07:12:48.931Z] DEBUG: [worker-pool] submitWork(triggerId=)
[debug] [2020-10-28T07:12:48.932Z] DEBUG: [worker-~diagnostic~-fcfb9d4d-55f5-46db-904a-518c87f2434a]: Assigning socketPath: \\?\pipe\D:\VsCode Projects\React-redux app\project-management-app\functions\8792
[debug] [2020-10-28T07:12:48.933Z] DEBUG: [worker-~diagnostic~-fcfb9d4d-55f5-46db-904a-518c87f2434a]: BUSY
[debug] [2020-10-28T07:12:48.937Z] DEBUG: [worker-~diagnostic~-a90e248c-e25e-461b-800a-40a60b87cf43]: exited
[debug] [2020-10-28T07:12:48.937Z] DEBUG: [worker-~diagnostic~-a90e248c-e25e-461b-800a-40a60b87cf43]: FINISHED
[info] >  Debugger attached. {"user":"Debugger attached.\r","metadata":{"emulator":{"name":"functions"},"message":"\u001b[90m> \u001b[39m Debugger attached.\r"}}
[debug] [2020-10-28T07:12:49.975Z] DEBUG: [runtime-status] [8792] Functions runtime initialized. {"cwd":"D:\\VsCode Projects\\React-redux app\\project-management-app\\functions","node_version":"12.18.4"}
[debug] [2020-10-28T07:12:49.977Z] DEBUG: [runtime-status] [8792] Disabled runtime features: undefined
[debug] [2020-10-28T07:12:49.988Z] DEBUG: [runtime-status] [8792] Resolved module firebase-admin {"declared":true,"installed":true,"version":"9.3.0","resolution":"D:\\VsCode Projects\\React-redux app\\project-management-app\\functions\\node_modules\\firebase-admin\\lib\\index.js"}
[debug] [2020-10-28T07:12:49.992Z] DEBUG: [runtime-status] [8792] Resolved module firebase-functions {"declared":true,"installed":true,"version":"3.11.0","resolution":"D:\\VsCode Projects\\React-redux app\\project-management-app\\functions\\node_modules\\firebase-functions\\lib\\index.js"}
[debug] [2020-10-28T07:12:49.993Z] DEBUG: [runtime-status] [8792] Resolved module firebase-functions {"declared":true,"installed":true,"version":"3.11.0","resolution":"D:\\VsCode Projects\\React-redux app\\project-management-app\\functions\\node_modules\\firebase-functions\\lib\\index.js"}
[debug] [2020-10-28T07:12:49.997Z] DEBUG: [runtime-status] [8792] Outgoing network have been stubbed. [{"name":"http","status":"mocked"},{"name":"http","status":"mocked"},{"name":"https","status":"mocked"},{"name":"https","status":"mocked"},{"name":"net","status":"mocked"}]
[debug] [2020-10-28T07:12:49.999Z] DEBUG: [runtime-status] [8792] Resolved module firebase-functions {"declared":true,"installed":true,"version":"3.11.0","resolution":"D:\\VsCode Projects\\React-redux app\\project-management-app\\functions\\node_modules\\firebase-functions\\lib\\index.js"}
[debug] [2020-10-28T07:12:50.074Z] DEBUG: [runtime-status] [8792] Checked functions.config() {"config":{}}
[debug] [2020-10-28T07:12:50.074Z] DEBUG: [runtime-status] [8792] firebase-functions has been stubbed. {"functionsResolution":{"declared":true,"installed":true,"version":"3.11.0","resolution":"D:\\VsCode Projects\\React-redux app\\project-management-app\\functions\\node_modules\\firebase-functions\\lib\\index.js"}}
[debug] [2020-10-28T07:12:50.075Z] DEBUG: [runtime-status] [8792] Resolved module firebase-functions {"declared":true,"installed":true,"version":"3.11.0","resolution":"D:\\VsCode Projects\\React-redux app\\project-management-app\\functions\\node_modules\\firebase-functions\\lib\\index.js"}
[debug] [2020-10-28T07:12:50.076Z] DEBUG: [runtime-status] [8792] Resolved module firebase-admin {"declared":true,"installed":true,"version":"9.3.0","resolution":"D:\\VsCode Projects\\React-redux app\\project-management-app\\functions\\node_modules\\firebase-admin\\lib\\index.js"}
[debug] [2020-10-28T07:12:50.077Z] DEBUG: [runtime-status] [8792] Resolved module firebase-functions {"declared":true,"installed":true,"version":"3.11.0","resolution":"D:\\VsCode Projects\\React-redux app\\project-management-app\\functions\\node_modules\\firebase-functions\\lib\\index.js"}
[debug] [2020-10-28T07:12:50.077Z] DEBUG: [runtime-status] [8792] firebase-admin has been stubbed. {"adminResolution":{"declared":true,"installed":true,"version":"9.3.0","resolution":"D:\\VsCode Projects\\React-redux app\\project-management-app\\functions\\node_modules\\firebase-admin\\lib\\index.js"}}
[debug] [2020-10-28T07:12:50.082Z] DEBUG: [runtime-status] [8792] initializeApp(DEFAULT) {"databaseURL":"https://project-management-app-248a2.firebaseio.com","storageBucket":"project-management-app-248a2.appspot.com","projectId":"project-management-app-248a2"}
[debug] [2020-10-28T07:12:50.085Z] addAuthTrigger {"eventTrigger":{"resource":"projects/project-management-app-248a2","eventType":"providers/firebase.auth/eventTypes/user.create","service":"firebaseauth.googleapis.com"}}
[debug] [2020-10-28T07:12:50.085Z] [functions[userJoined]] auth function initialized.
[debug] [2020-10-28T07:12:50.085Z] DEBUG: [worker-~diagnostic~-fcfb9d4d-55f5-46db-904a-518c87f2434a]: IDLE
[debug] [2020-10-28T07:15:22.201Z] DEBUG: File D:\VsCode Projects\React-redux app\project-management-app\functions\package-lock.json changed, reloading triggers
[debug] [2020-10-28T07:15:23.204Z] DEBUG: [worker-pool] Shutting down IDLE worker (~diagnostic~)
[debug] [2020-10-28T07:15:23.204Z] DEBUG: [worker-~diagnostic~-fcfb9d4d-55f5-46db-904a-518c87f2434a]: FINISHING
[debug] [2020-10-28T07:15:23.204Z] DEBUG: [worker-pool] Cleaned up workers for ~diagnostic~: 2 --> 1
[debug] [2020-10-28T07:15:23.213Z] DEBUG: [worker-pool] addWorker(~diagnostic~)
[debug] [2020-10-28T07:15:23.213Z] DEBUG: [worker-pool] Adding worker with key ~diagnostic~, total=2
[debug] [2020-10-28T07:15:23.213Z] DEBUG: [worker-pool] submitWork(triggerId=)
[debug] [2020-10-28T07:15:23.213Z] DEBUG: [worker-~diagnostic~-4e8deb15-fe53-44d8-a858-9d5b600b614a]: Assigning socketPath: \\?\pipe\D:\VsCode Projects\React-redux app\project-management-app\functions\21500
[debug] [2020-10-28T07:15:23.213Z] DEBUG: [worker-~diagnostic~-4e8deb15-fe53-44d8-a858-9d5b600b614a]: BUSY
[debug] [2020-10-28T07:15:23.216Z] DEBUG: [worker-~diagnostic~-fcfb9d4d-55f5-46db-904a-518c87f2434a]: exited
[debug] [2020-10-28T07:15:23.216Z] DEBUG: [worker-~diagnostic~-fcfb9d4d-55f5-46db-904a-518c87f2434a]: FINISHED
[info] >  Debugger attached. {"user":"Debugger attached.\r","metadata":{"emulator":{"name":"functions"},"message":"\u001b[90m> \u001b[39m Debugger attached.\r"}}
[debug] [2020-10-28T07:15:23.775Z] DEBUG: File D:\VsCode Projects\React-redux app\project-management-app\functions\package-lock.json changed, reloading triggers
[debug] [2020-10-28T07:15:23.850Z] DEBUG: [runtime-status] [21500] Functions runtime initialized. {"cwd":"D:\\VsCode Projects\\React-redux app\\project-management-app\\functions","node_version":"12.18.4"}
[debug] [2020-10-28T07:15:23.852Z] DEBUG: [runtime-status] [21500] Disabled runtime features: undefined
[debug] [2020-10-28T07:15:23.858Z] DEBUG: [runtime-status] [21500] Resolved module firebase-admin {"declared":true,"installed":true,"version":"9.3.0","resolution":"D:\\VsCode Projects\\React-redux app\\project-management-app\\functions\\node_modules\\firebase-admin\\lib\\index.js"}
[debug] [2020-10-28T07:15:23.860Z] DEBUG: [runtime-status] [21500] Resolved module firebase-functions {"declared":true,"installed":true,"version":"3.11.0","resolution":"D:\\VsCode Projects\\React-redux app\\project-management-app\\functions\\node_modules\\firebase-functions\\lib\\index.js"}
[debug] [2020-10-28T07:15:23.861Z] DEBUG: [runtime-status] [21500] Resolved module firebase-functions {"declared":true,"installed":true,"version":"3.11.0","resolution":"D:\\VsCode Projects\\React-redux app\\project-management-app\\functions\\node_modules\\firebase-functions\\lib\\index.js"}
[debug] [2020-10-28T07:15:23.862Z] DEBUG: [runtime-status] [21500] Outgoing network have been stubbed. [{"name":"http","status":"mocked"},{"name":"http","status":"mocked"},{"name":"https","status":"mocked"},{"name":"https","status":"mocked"},{"name":"net","status":"mocked"}]
[debug] [2020-10-28T07:15:23.863Z] DEBUG: [runtime-status] [21500] Resolved module firebase-functions {"declared":true,"installed":true,"version":"3.11.0","resolution":"D:\\VsCode Projects\\React-redux app\\project-management-app\\functions\\node_modules\\firebase-functions\\lib\\index.js"}
[debug] [2020-10-28T07:15:23.905Z] DEBUG: [runtime-status] [21500] Checked functions.config() {"config":{}}
[debug] [2020-10-28T07:15:23.905Z] DEBUG: [runtime-status] [21500] firebase-functions has been stubbed. {"functionsResolution":{"declared":true,"installed":true,"version":"3.11.0","resolution":"D:\\VsCode Projects\\React-redux app\\project-management-app\\functions\\node_modules\\firebase-functions\\lib\\index.js"}}
[debug] [2020-10-28T07:15:23.905Z] DEBUG: [runtime-status] [21500] Resolved module firebase-functions {"declared":true,"installed":true,"version":"3.11.0","resolution":"D:\\VsCode Projects\\React-redux app\\project-management-app\\functions\\node_modules\\firebase-functions\\lib\\index.js"}
[debug] [2020-10-28T07:15:23.906Z] DEBUG: [runtime-status] [21500] Resolved module firebase-admin {"declared":true,"installed":true,"version":"9.3.0","resolution":"D:\\VsCode Projects\\React-redux app\\project-management-app\\functions\\node_modules\\firebase-admin\\lib\\index.js"}
[debug] [2020-10-28T07:15:23.907Z] DEBUG: [runtime-status] [21500] Resolved module firebase-functions {"declared":true,"installed":true,"version":"3.11.0","resolution":"D:\\VsCode Projects\\React-redux app\\project-management-app\\functions\\node_modules\\firebase-functions\\lib\\index.js"}
[debug] [2020-10-28T07:15:23.907Z] DEBUG: [runtime-status] [21500] firebase-admin has been stubbed. {"adminResolution":{"declared":true,"installed":true,"version":"9.3.0","resolution":"D:\\VsCode Projects\\React-redux app\\project-management-app\\functions\\node_modules\\firebase-admin\\lib\\index.js"}}
[debug] [2020-10-28T07:15:23.909Z] DEBUG: [runtime-status] [21500] initializeApp(DEFAULT) {"databaseURL":"https://project-management-app-248a2.firebaseio.com","storageBucket":"project-management-app-248a2.appspot.com","projectId":"project-management-app-248a2"}
[debug] [2020-10-28T07:15:23.911Z] DEBUG: [worker-~diagnostic~-4e8deb15-fe53-44d8-a858-9d5b600b614a]: IDLE
[debug] [2020-10-28T07:15:24.776Z] DEBUG: [worker-pool] Shutting down IDLE worker (~diagnostic~)
[debug] [2020-10-28T07:15:24.776Z] DEBUG: [worker-~diagnostic~-4e8deb15-fe53-44d8-a858-9d5b600b614a]: FINISHING
[debug] [2020-10-28T07:15:24.776Z] DEBUG: [worker-pool] Cleaned up workers for ~diagnostic~: 2 --> 1
[debug] [2020-10-28T07:15:24.786Z] DEBUG: [worker-pool] addWorker(~diagnostic~)
[debug] [2020-10-28T07:15:24.786Z] DEBUG: [worker-pool] Adding worker with key ~diagnostic~, total=2
[debug] [2020-10-28T07:15:24.786Z] DEBUG: [worker-pool] submitWork(triggerId=)
[debug] [2020-10-28T07:15:24.786Z] DEBUG: [worker-~diagnostic~-f2917336-35cd-4d6b-8928-b71c44f6d2ca]: Assigning socketPath: \\?\pipe\D:\VsCode Projects\React-redux app\project-management-app\functions\16872
[debug] [2020-10-28T07:15:24.787Z] DEBUG: [worker-~diagnostic~-f2917336-35cd-4d6b-8928-b71c44f6d2ca]: BUSY
[debug] [2020-10-28T07:15:24.788Z] DEBUG: [worker-~diagnostic~-4e8deb15-fe53-44d8-a858-9d5b600b614a]: exited
[debug] [2020-10-28T07:15:24.790Z] DEBUG: [worker-~diagnostic~-4e8deb15-fe53-44d8-a858-9d5b600b614a]: FINISHED
[info] >  Debugger attached. {"user":"Debugger attached.\r","metadata":{"emulator":{"name":"functions"},"message":"\u001b[90m> \u001b[39m Debugger attached.\r"}}
[debug] [2020-10-28T07:15:25.322Z] DEBUG: [runtime-status] [16872] Functions runtime initialized. {"cwd":"D:\\VsCode Projects\\React-redux app\\project-management-app\\functions","node_version":"12.18.4"}
[debug] [2020-10-28T07:15:25.324Z] DEBUG: [runtime-status] [16872] Disabled runtime features: undefined
[debug] [2020-10-28T07:15:25.329Z] DEBUG: [runtime-status] [16872] Resolved module firebase-admin {"declared":true,"installed":true,"version":"9.3.0","resolution":"D:\\VsCode Projects\\React-redux app\\project-management-app\\functions\\node_modules\\firebase-admin\\lib\\index.js"}
[debug] [2020-10-28T07:15:25.331Z] DEBUG: [runtime-status] [16872] Resolved module firebase-functions {"declared":true,"installed":true,"version":"3.11.0","resolution":"D:\\VsCode Projects\\React-redux app\\project-management-app\\functions\\node_modules\\firebase-functions\\lib\\index.js"}
[debug] [2020-10-28T07:15:25.332Z] DEBUG: [runtime-status] [16872] Resolved module firebase-functions {"declared":true,"installed":true,"version":"3.11.0","resolution":"D:\\VsCode Projects\\React-redux app\\project-management-app\\functions\\node_modules\\firebase-functions\\lib\\index.js"}
[debug] [2020-10-28T07:15:25.333Z] DEBUG: [runtime-status] [16872] Outgoing network have been stubbed. [{"name":"http","status":"mocked"},{"name":"http","status":"mocked"},{"name":"https","status":"mocked"},{"name":"https","status":"mocked"},{"name":"net","status":"mocked"}]
[debug] [2020-10-28T07:15:25.333Z] DEBUG: [runtime-status] [16872] Resolved module firebase-functions {"declared":true,"installed":true,"version":"3.11.0","resolution":"D:\\VsCode Projects\\React-redux app\\project-management-app\\functions\\node_modules\\firebase-functions\\lib\\index.js"}
[debug] [2020-10-28T07:15:25.372Z] DEBUG: [runtime-status] [16872] Checked functions.config() {"config":{}}
[debug] [2020-10-28T07:15:25.372Z] DEBUG: [runtime-status] [16872] firebase-functions has been stubbed. {"functionsResolution":{"declared":true,"installed":true,"version":"3.11.0","resolution":"D:\\VsCode Projects\\React-redux app\\project-management-app\\functions\\node_modules\\firebase-functions\\lib\\index.js"}}
[debug] [2020-10-28T07:15:25.373Z] DEBUG: [runtime-status] [16872] Resolved module firebase-functions {"declared":true,"installed":true,"version":"3.11.0","resolution":"D:\\VsCode Projects\\React-redux app\\project-management-app\\functions\\node_modules\\firebase-functions\\lib\\index.js"}
[debug] [2020-10-28T07:15:25.375Z] DEBUG: [runtime-status] [16872] Resolved module firebase-admin {"declared":true,"installed":true,"version":"9.3.0","resolution":"D:\\VsCode Projects\\React-redux app\\project-management-app\\functions\\node_modules\\firebase-admin\\lib\\index.js"}
[debug] [2020-10-28T07:15:25.375Z] DEBUG: [runtime-status] [16872] Resolved module firebase-functions {"declared":true,"installed":true,"version":"3.11.0","resolution":"D:\\VsCode Projects\\React-redux app\\project-management-app\\functions\\node_modules\\firebase-functions\\lib\\index.js"}
[debug] [2020-10-28T07:15:25.375Z] DEBUG: [runtime-status] [16872] firebase-admin has been stubbed. {"adminResolution":{"declared":true,"installed":true,"version":"9.3.0","resolution":"D:\\VsCode Projects\\React-redux app\\project-management-app\\functions\\node_modules\\firebase-admin\\lib\\index.js"}}
[debug] [2020-10-28T07:15:25.377Z] DEBUG: [runtime-status] [16872] initializeApp(DEFAULT) {"databaseURL":"https://project-management-app-248a2.firebaseio.com","storageBucket":"project-management-app-248a2.appspot.com","projectId":"project-management-app-248a2"}
[debug] [2020-10-28T07:15:25.379Z] DEBUG: [worker-~diagnostic~-f2917336-35cd-4d6b-8928-b71c44f6d2ca]: IDLE
